Release 14.7 - xst P.20131013 (nt64)
Copyright (c) 1995-2013 Xilinx, Inc.  All rights reserved.
--> Parameter TMPDIR set to xst/projnav.tmp


Total REAL time to Xst completion: 0.00 secs
Total CPU time to Xst completion: 0.16 secs
 
--> Parameter xsthdpdir set to xst


Total REAL time to Xst completion: 0.00 secs
Total CPU time to Xst completion: 0.16 secs
 
--> Reading design: Multi_8CH32.prj

TABLE OF CONTENTS
  1) Synthesis Options Summary
  2) HDL Parsing
  3) HDL Elaboration
  4) HDL Synthesis
       4.1) HDL Synthesis Report
  5) Advanced HDL Synthesis
       5.1) Advanced HDL Synthesis Report
  6) Low Level Synthesis
  7) Partition Report
  8) Design Summary
       8.1) Primitive and Black Box Usage
       8.2) Device utilization summary
       8.3) Partition Resource Summary
       8.4) Timing Report
            8.4.1) Clock Information
            8.4.2) Asynchronous Control Signals Information
            8.4.3) Timing Summary
            8.4.4) Timing Details
            8.4.5) Cross Clock Domains Report


=========================================================================
*                      Synthesis Options Summary                        *
=========================================================================
---- Source Parameters
Input File Name                    : "Multi_8CH32.prj"
Ignore Synthesis Constraint File   : NO

---- Target Parameters
Output File Name                   : "Multi_8CH32"
Output Format                      : NGC
Target Device                      : xc7k160t-2L-ffg676

---- Source Options
Top Module Name                    : Multi_8CH32
Automatic FSM Extraction           : YES
FSM Encoding Algorithm             : Auto
Safe Implementation                : No
FSM Style                          : LUT
RAM Extraction                     : Yes
RAM Style                          : Auto
ROM Extraction                     : Yes
Shift Register Extraction          : YES
ROM Style                          : Auto
Resource Sharing                   : YES
Asynchronous To Synchronous        : NO
Shift Register Minimum Size        : 2
Use DSP Block                      : Auto
Automatic Register Balancing       : No

---- Target Options
LUT Combining                      : Auto
Reduce Control Sets                : Auto
Add IO Buffers                     : YES
Global Maximum Fanout              : 100000
Add Generic Clock Buffer(BUFG)     : 32
Register Duplication               : YES
Optimize Instantiated Primitives   : NO
Use Clock Enable                   : Auto
Use Synchronous Set                : Auto
Use Synchronous Reset              : Auto
Pack IO Registers into IOBs        : Auto
Equivalent register Removal        : YES

---- General Options
Optimization Goal                  : Speed
Optimization Effort                : 1
Power Reduction                    : NO
Keep Hierarchy                     : No
Netlist Hierarchy                  : As_Optimized
RTL Output                         : Yes
Global Optimization                : AllClockNets
Read Cores                         : YES
Write Timing Constraints           : NO
Cross Clock Analysis               : NO
Hierarchy Separator                : /
Bus Delimiter                      : <>
Case Specifier                     : Maintain
Slice Utilization Ratio            : 100
BRAM Utilization Ratio             : 100
DSP48 Utilization Ratio            : 100
Auto BRAM Packing                  : NO
Slice Utilization Ratio Delta      : 5

=========================================================================


=========================================================================
*                          HDL Parsing                                  *
=========================================================================
Analyzing Verilog file "E:\Framework\MUX4T1_4_sch.vf" into library work
Parsing module <MUX4T1_4_sch>.
Analyzing Verilog file "E:\Framework\MUX8T1_8_sch.vf" into library work
Parsing module <MUX4T1_4_sch_MUSER_MUX8T1_8_sch>.
Parsing module <MUX8T1_8_sch>.
Analyzing Verilog file "E:\Framework\MUX8T1_32_sch.vf" into library work
Parsing module <MUX4T1_4_sch_MUSER_MUX8T1_32_sch>.
Parsing module <MUX8T1_8_sch_MUSER_MUX8T1_32_sch>.
Parsing module <MUX8T1_32_sch>.
Analyzing Verilog file "E:\Framework\Multi_8CH32.v" into library work
Parsing module <Multi_8CH32>.

=========================================================================
*                            HDL Elaboration                            *
=========================================================================

Elaborating module <Multi_8CH32>.

Elaborating module <MUX8T1_32_sch>.

Elaborating module <MUX8T1_8_sch_MUSER_MUX8T1_32_sch>.

Elaborating module <AND2>.

Elaborating module <OR2>.

Elaborating module <MUX4T1_4_sch_MUSER_MUX8T1_32_sch>.

Elaborating module <INV>.

Elaborating module <OR4>.

Elaborating module <MUX8T1_8_sch>.

Elaborating module <MUX4T1_4_sch_MUSER_MUX8T1_8_sch>.

=========================================================================
*                           HDL Synthesis                               *
=========================================================================

Synthesizing Unit <Multi_8CH32>.
    Related source file is "E:\Framework\Multi_8CH32.v".
WARNING:Xst:647 - Input <rst> is never used. This port will be preserved and left unconnected if it belongs to a top-level block or it belongs to a sub-block and the hierarchy of this sub-block is preserved.
    Found 8-bit register for signal <cpu_blink>.
    Found 8-bit register for signal <cpu_point>.
    Found 32-bit register for signal <disp_data>.
    Summary:
	inferred  48 D-type flip-flop(s).
Unit <Multi_8CH32> synthesized.

Synthesizing Unit <MUX8T1_32_sch>.
    Related source file is "E:\Framework\MUX8T1_32_sch.vf".
    Summary:
	no macro.
Unit <MUX8T1_32_sch> synthesized.

Synthesizing Unit <MUX8T1_8_sch_MUSER_MUX8T1_32_sch>.
    Related source file is "E:\Framework\MUX8T1_32_sch.vf".
    Summary:
	no macro.
Unit <MUX8T1_8_sch_MUSER_MUX8T1_32_sch> synthesized.

Synthesizing Unit <MUX4T1_4_sch_MUSER_MUX8T1_32_sch>.
    Related source file is "E:\Framework\MUX8T1_32_sch.vf".
    Summary:
	no macro.
Unit <MUX4T1_4_sch_MUSER_MUX8T1_32_sch> synthesized.

Synthesizing Unit <MUX8T1_8_sch>.
    Related source file is "E:\Framework\MUX8T1_8_sch.vf".
    Summary:
	no macro.
Unit <MUX8T1_8_sch> synthesized.

Synthesizing Unit <MUX4T1_4_sch_MUSER_MUX8T1_8_sch>.
    Related source file is "E:\Framework\MUX8T1_8_sch.vf".
    Summary:
	no macro.
Unit <MUX4T1_4_sch_MUSER_MUX8T1_8_sch> synthesized.

=========================================================================
HDL Synthesis Report

Macro Statistics
# Registers                                            : 3
 32-bit register                                       : 1
 8-bit register                                        : 2

=========================================================================

=========================================================================
*                       Advanced HDL Synthesis                          *
=========================================================================


=========================================================================
Advanced HDL Synthesis Report

Macro Statistics
# Registers                                            : 48
 Flip-Flops                                            : 48

=========================================================================

=========================================================================
*                         Low Level Synthesis                           *
=========================================================================

Optimizing unit <Multi_8CH32> ...

Optimizing unit <MUX8T1_8_sch_MUSER_MUX8T1_32_sch> ...

Optimizing unit <MUX4T1_4_sch_MUSER_MUX8T1_32_sch> ...

Optimizing unit <MUX8T1_8_sch> ...

Optimizing unit <MUX4T1_4_sch_MUSER_MUX8T1_8_sch> ...

Mapping all equations...
Building and optimizing final netlist ...
Found area constraint ratio of 100 (+ 5) on block Multi_8CH32, actual ratio is 0.

Final Macro Processing ...

=========================================================================
Final Register Report

Macro Statistics
# Registers                                            : 48
 Flip-Flops                                            : 48

=========================================================================

=========================================================================
*                           Partition Report                            *
=========================================================================

Partition Implementation Status
-------------------------------

  No Partitions were found in this design.

-------------------------------

=========================================================================
*                            Design Summary                             *
=========================================================================

Top Level Output File Name         : Multi_8CH32.ngc

Primitive and Black Box Usage:
------------------------------
# BELS                             : 774
#      AND2                        : 576
#      INV                         : 54
#      OR2                         : 48
#      OR4                         : 96
# FlipFlops/Latches                : 48
#      FDE                         : 48
# Clock Buffers                    : 1
#      BUFGP                       : 1
# IO Buffers                       : 436
#      IBUF                        : 388
#      OBUF                        : 48

Device utilization summary:
---------------------------

Selected Device : 7k160tffg676-2l 


Slice Logic Utilization: 
 Number of Slice LUTs:                   54  out of  101400     0%  
    Number used as Logic:                54  out of  101400     0%  

Slice Logic Distribution: 
 Number of LUT Flip Flop pairs used:     54
   Number with an unused Flip Flop:      54  out of     54   100%  
   Number with an unused LUT:             0  out of     54     0%  
   Number of fully used LUT-FF pairs:     0  out of     54     0%  
   Number of unique control sets:         1

IO Utilization: 
 Number of IOs:                         438
 Number of bonded IOBs:                 437  out of    400   109% (*) 
    IOB Flip Flops/Latches:              48

Specific Feature Utilization:
 Number of BUFG/BUFGCTRLs:                1  out of     32     3%  

WARNING:Xst:1336 -  (*) More than 100% of Device resources are used

---------------------------
Partition Resource Summary:
---------------------------

  No Partitions were found in this design.

---------------------------


=========================================================================
Timing Report

NOTE: THESE TIMING NUMBERS ARE ONLY A SYNTHESIS ESTIMATE.
      FOR ACCURATE TIMING INFORMATION PLEASE REFER TO THE TRACE REPORT
      GENERATED AFTER PLACE-and-ROUTE.

Clock Information:
------------------
-----------------------------------+------------------------+-------+
Clock Signal                       | Clock buffer(FF name)  | Load  |
-----------------------------------+------------------------+-------+
clk                                | BUFGP                  | 48    |
-----------------------------------+------------------------+-------+

Asynchronous Control Signals Information:
----------------------------------------
No asynchronous control signals found in this design

Timing Summary:
---------------
Speed Grade: -2

   Minimum period: No path found
   Minimum input arrival time before clock: 0.633ns
   Maximum output required time after clock: 3.200ns
   Maximum combinational path delay: 4.435ns

Timing Details:
---------------
All values displayed in nanoseconds (ns)

=========================================================================
Timing constraint: Default OFFSET IN BEFORE for Clock 'clk'
  Total number of paths / destination ports: 96 / 96
-------------------------------------------------------------------------
Offset:              0.633ns (Levels of Logic = 1)
  Source:            EN (PAD)
  Destination:       cpu_point_0 (FF)
  Destination Clock: clk rising

  Data Path: EN to cpu_point_0
                                Gate     Net
    Cell:in->out      fanout   Delay   Delay  Logical Name (Net Name)
    ----------------------------------------  ------------
     IBUF:I->O            48   0.000   0.472  EN_IBUF (EN_IBUF)
     FDE:CE                    0.161          cpu_point_0
    ----------------------------------------
    Total                      0.633ns (0.161ns logic, 0.472ns route)
                                       (25.4% logic, 74.6% route)

=========================================================================
Timing constraint: Default OFFSET OUT AFTER for Clock 'clk'
  Total number of paths / destination ports: 48 / 48
-------------------------------------------------------------------------
Offset:              3.200ns (Levels of Logic = 5)
  Source:            cpu_point_7 (FF)
  Destination:       point_out<7> (PAD)
  Source Clock:      clk rising

  Data Path: cpu_point_7 to point_out<7>
                                Gate     Net
    Cell:in->out      fanout   Delay   Delay  Logical Name (Net Name)
    ----------------------------------------  ------------
     FDE:C->Q              1   0.236   0.613  cpu_point_7 (cpu_point_7)
     AND2:I0->O            1   0.043   0.495  MUX3_Point/XLXI_44/XLXI_38 (MUX3_Point/XLXI_44/XLXN_51)
     OR4:I3->O             1   0.161   0.613  MUX3_Point/XLXI_44/XLXI_42 (MUX3_Point/o2<3>)
     AND2:I0->O            1   0.043   0.603  MUX3_Point/XLXI_31 (MUX3_Point/XLXN_16)
     OR2:I1->O             1   0.053   0.339  MUX3_Point/XLXI_41 (point_out_7_OBUF)
     OBUF:I->O                 0.000          point_out_7_OBUF (point_out<7>)
    ----------------------------------------
    Total                      3.200ns (0.536ns logic, 2.664ns route)
                                       (16.8% logic, 83.2% route)

=========================================================================
Timing constraint: Default path analysis
  Total number of paths / destination ports: 1200 / 48
-------------------------------------------------------------------------
Delay:               4.435ns (Levels of Logic = 8)
  Source:            Test<0> (PAD)
  Destination:       point_out<7> (PAD)

  Data Path: Test<0> to point_out<7>
                                Gate     Net
    Cell:in->out      fanout   Delay   Delay  Logical Name (Net Name)
    ----------------------------------------  ------------
     IBUF:I->O            72   0.000   0.476  Test_0_IBUF (Test_0_IBUF)
     INV:I->O              2   0.317   0.608  MUX1_DispData/XLXI_1/XLXI_45/XLXI_3 (MUX1_DispData/XLXI_1/XLXI_45/XLXN_18)
     AND2:I1->O            4   0.053   0.620  MUX1_DispData/XLXI_1/XLXI_45/XLXI_6 (MUX1_DispData/XLXI_1/XLXI_45/XLXN_58)
     AND2:I1->O            1   0.053   0.603  MUX1_DispData/XLXI_1/XLXI_45/XLXI_10 (MUX1_DispData/XLXI_1/XLXI_45/XLXN_9)
     OR4:I1->O             1   0.053   0.613  MUX1_DispData/XLXI_1/XLXI_45/XLXI_12 (MUX1_DispData/XLXI_1/o3<0>)
     AND2:I0->O            1   0.043   0.613  MUX1_DispData/XLXI_1/XLXI_24 (MUX1_DispData/XLXI_1/XLXN_11)
     OR2:I0->O             1   0.043   0.339  MUX1_DispData/XLXI_1/XLXI_38 (Disp_num_4_OBUF)
     OBUF:I->O                 0.000          Disp_num_4_OBUF (Disp_num<4>)
    ----------------------------------------
    Total                      4.435ns (0.562ns logic, 3.873ns route)
                                       (12.7% logic, 87.3% route)

=========================================================================

Cross Clock Domains Report:
--------------------------

=========================================================================


Total REAL time to Xst completion: 11.00 secs
Total CPU time to Xst completion: 10.90 secs
 
--> 

Total memory usage is 4655656 kilobytes

Number of errors   :    0 (   0 filtered)
Number of warnings :    2 (   0 filtered)
Number of infos    :    0 (   0 filtered)

